<?xml version="1.0" encoding="UTF-8"?>
<!-- Generated by org.testng.reporters.JUnitReportReporter -->
<testsuite hostname="DESKTOP-TQ5Q620" failures="0" tests="3" name="AmazonRgressionSteps.Amazonofsign" time="0.810" errors="0" timestamp="2021-04-17T10:58:26 EDT" skipped="0">
  <testcase classname="AmazonRgressionSteps.Amazonofsign" name="f" time="0.782"/>
  <system-out/>
  <testcase classname="AmazonRgressionSteps.Amazonofsign" name="Adhocofexexution" time="0.027"/>
  <system-out/>
  <testcase classname="AmazonRgressionSteps.Amazonofsign" name="Regression" time="0.001"/>
  <system-out/>
</testsuite> <!-- AmazonRgressionSteps.Amazonofsign -->
