<?xml version="1.0" encoding="UTF-8"?>
<!-- Generated by org.testng.reporters.JUnitReportReporter -->
<testsuite hostname="user-PC" failures="0" tests="2" name="Com.trainingofweekend.softwaretestingproject.browsers" time="3.364" errors="0" timestamp="2021-04-03T12:01:55 EDT" skipped="0">
  <testcase classname="Com.trainingofweekend.softwaretestingproject.browsers" name="Gift_Cards" time="2.798"/>
  <testcase classname="Com.trainingofweekend.softwaretestingproject.browsers" name="f" time="0.566"/>
</testsuite> <!-- Com.trainingofweekend.softwaretestingproject.browsers -->
