<?xml version="1.0" encoding="UTF-8"?>
<!-- Generated by org.testng.reporters.JUnitReportReporter -->
<testsuite hostname="user-PC" failures="0" tests="2" name="Com.trainingofweekend.softwaretestingproject.Automa" time="0.019" errors="0" timestamp="2021-04-03T11:44:41 EDT" skipped="0">
  <testcase classname="Com.trainingofweekend.softwaretestingproject.Automa" name="u" time="0.010"/>
  <testcase classname="Com.trainingofweekend.softwaretestingproject.Automa" name="f" time="0.009"/>
</testsuite> <!-- Com.trainingofweekend.softwaretestingproject.Automa -->
